[2026-01-20T02:23:25.935+0000] {taskinstance.py:1956} INFO - Dependencies all met for dep_context=non-requeueable deps ti=<TaskInstance: etl_dag.init_db scheduled__2026-01-19T00:00:00+00:00 [queued]>
[2026-01-20T02:23:25.947+0000] {taskinstance.py:1956} INFO - Dependencies all met for dep_context=requeueable deps ti=<TaskInstance: etl_dag.init_db scheduled__2026-01-19T00:00:00+00:00 [queued]>
[2026-01-20T02:23:25.947+0000] {taskinstance.py:2170} INFO - Starting attempt 1 of 1
[2026-01-20T02:23:25.962+0000] {taskinstance.py:2191} INFO - Executing <Task(_PythonDecoratedOperator): init_db> on 2026-01-19 00:00:00+00:00
[2026-01-20T02:23:25.972+0000] {standard_task_runner.py:60} INFO - Started process 919 to run task
[2026-01-20T02:23:25.976+0000] {standard_task_runner.py:87} INFO - Running: ['***', 'tasks', 'run', 'etl_dag', 'init_db', 'scheduled__2026-01-19T00:00:00+00:00', '--job-id', '4', '--raw', '--subdir', 'DAGS_FOLDER/etl.py', '--cfg-path', '/tmp/tmpp5j3350o']
[2026-01-20T02:23:25.978+0000] {standard_task_runner.py:88} INFO - Job 4: Subtask init_db
[2026-01-20T02:23:26.068+0000] {task_command.py:423} INFO - Running <TaskInstance: etl_dag.init_db scheduled__2026-01-19T00:00:00+00:00 [running]> on host 8556d083bb74
[2026-01-20T02:23:26.220+0000] {taskinstance.py:2480} INFO - Exporting env vars: AIRFLOW_CTX_DAG_OWNER='***' AIRFLOW_CTX_DAG_ID='etl_dag' AIRFLOW_CTX_TASK_ID='init_db' AIRFLOW_CTX_EXECUTION_DATE='2026-01-19T00:00:00+00:00' AIRFLOW_CTX_TRY_NUMBER='1' AIRFLOW_CTX_DAG_RUN_ID='scheduled__2026-01-19T00:00:00+00:00'
[2026-01-20T02:23:26.263+0000] {taskinstance.py:2698} ERROR - Task failed with exception
Traceback (most recent call last):
  File "/home/airflow/.local/lib/python3.8/site-packages/airflow/models/taskinstance.py", line 433, in _execute_task
    result = execute_callable(context=context, **execute_callable_kwargs)
  File "/home/airflow/.local/lib/python3.8/site-packages/airflow/decorators/base.py", line 241, in execute
    return_value = super().execute(context)
  File "/home/airflow/.local/lib/python3.8/site-packages/airflow/operators/python.py", line 199, in execute
    return_value = self.execute_callable()
  File "/home/airflow/.local/lib/python3.8/site-packages/airflow/operators/python.py", line 216, in execute_callable
    return self.python_callable(*self.op_args, **self.op_kwargs)
  File "/opt/airflow/dags/etl.py", line 29, in init_db
    hook.run("""
  File "/home/airflow/.local/lib/python3.8/site-packages/airflow/providers/common/sql/hooks/sql.py", line 391, in run
    with closing(self.get_conn()) as conn:
  File "/home/airflow/.local/lib/python3.8/site-packages/airflow/providers/postgres/hooks/postgres.py", line 128, in get_conn
    conn = deepcopy(self.connection or self.get_connection(conn_id))
  File "/home/airflow/.local/lib/python3.8/site-packages/airflow/hooks/base.py", line 82, in get_connection
    conn = Connection.get_connection_from_secrets(conn_id)
  File "/home/airflow/.local/lib/python3.8/site-packages/airflow/models/connection.py", line 479, in get_connection_from_secrets
    raise AirflowNotFoundException(f"The conn_id `{conn_id}` isn't defined")
airflow.exceptions.AirflowNotFoundException: The conn_id `postgres_default` isn't defined
[2026-01-20T02:23:26.270+0000] {taskinstance.py:1138} INFO - Marking task as FAILED. dag_id=etl_dag, task_id=init_db, execution_date=20260119T000000, start_date=20260120T022325, end_date=20260120T022326
[2026-01-20T02:23:26.286+0000] {standard_task_runner.py:107} ERROR - Failed to execute job 4 for task init_db (The conn_id `postgres_default` isn't defined; 919)
[2026-01-20T02:23:26.308+0000] {local_task_job_runner.py:234} INFO - Task exited with return code 1
[2026-01-20T02:23:26.340+0000] {taskinstance.py:3280} INFO - 0 downstream tasks scheduled from follow-on schedule check
