[2026-01-20T10:53:25.768+0000] {taskinstance.py:1956} INFO - Dependencies all met for dep_context=non-requeueable deps ti=<TaskInstance: ml_pipeline_dvc_pytorch.run_data_transformation manual__2026-01-20T10:53:25.319758+00:00 [queued]>
[2026-01-20T10:53:25.775+0000] {taskinstance.py:1956} INFO - Dependencies all met for dep_context=requeueable deps ti=<TaskInstance: ml_pipeline_dvc_pytorch.run_data_transformation manual__2026-01-20T10:53:25.319758+00:00 [queued]>
[2026-01-20T10:53:25.775+0000] {taskinstance.py:2170} INFO - Starting attempt 1 of 1
[2026-01-20T10:53:25.786+0000] {taskinstance.py:2191} INFO - Executing <Task(PythonOperator): run_data_transformation> on 2026-01-20 10:53:25.319758+00:00
[2026-01-20T10:53:25.790+0000] {standard_task_runner.py:60} INFO - Started process 1527 to run task
[2026-01-20T10:53:25.793+0000] {standard_task_runner.py:87} INFO - Running: ['***', 'tasks', 'run', 'ml_pipeline_dvc_pytorch', 'run_data_transformation', 'manual__2026-01-20T10:53:25.319758+00:00', '--job-id', '49', '--raw', '--subdir', 'DAGS_FOLDER/etl.py', '--cfg-path', '/tmp/tmpk_336nx1']
[2026-01-20T10:53:25.794+0000] {standard_task_runner.py:88} INFO - Job 49: Subtask run_data_transformation
[2026-01-20T10:53:25.831+0000] {task_command.py:423} INFO - Running <TaskInstance: ml_pipeline_dvc_pytorch.run_data_transformation manual__2026-01-20T10:53:25.319758+00:00 [running]> on host 8556d083bb74
[2026-01-20T10:53:25.899+0000] {taskinstance.py:2480} INFO - Exporting env vars: AIRFLOW_CTX_DAG_OWNER='***' AIRFLOW_CTX_DAG_ID='ml_pipeline_dvc_pytorch' AIRFLOW_CTX_TASK_ID='run_data_transformation' AIRFLOW_CTX_EXECUTION_DATE='2026-01-20T10:53:25.319758+00:00' AIRFLOW_CTX_TRY_NUMBER='1' AIRFLOW_CTX_DAG_RUN_ID='manual__2026-01-20T10:53:25.319758+00:00'
[2026-01-20T10:53:25.900+0000] {taskinstance.py:2698} ERROR - Task failed with exception
Traceback (most recent call last):
  File "/home/airflow/.local/lib/python3.8/site-packages/airflow/models/taskinstance.py", line 433, in _execute_task
    result = execute_callable(context=context, **execute_callable_kwargs)
  File "/home/airflow/.local/lib/python3.8/site-packages/airflow/operators/python.py", line 199, in execute
    return_value = self.execute_callable()
  File "/home/airflow/.local/lib/python3.8/site-packages/airflow/operators/python.py", line 216, in execute_callable
    return self.python_callable(*self.op_args, **self.op_kwargs)
  File "/opt/airflow/dags/etl.py", line 6, in run_data_transformation
    from src.components.data_ingestion import DataIngestion
ModuleNotFoundError: No module named 'src'
[2026-01-20T10:53:25.907+0000] {taskinstance.py:1138} INFO - Marking task as FAILED. dag_id=ml_pipeline_dvc_pytorch, task_id=run_data_transformation, execution_date=20260120T105325, start_date=20260120T105325, end_date=20260120T105325
[2026-01-20T10:53:25.916+0000] {standard_task_runner.py:107} ERROR - Failed to execute job 49 for task run_data_transformation (No module named 'src'; 1527)
[2026-01-20T10:53:25.924+0000] {local_task_job_runner.py:234} INFO - Task exited with return code 1
[2026-01-20T10:53:25.938+0000] {taskinstance.py:3280} INFO - 0 downstream tasks scheduled from follow-on schedule check
