[2026-01-20T10:20:55.077+0000] {taskinstance.py:1956} INFO - Dependencies all met for dep_context=non-requeueable deps ti=<TaskInstance: ml_pipeline_dvc_pytorch.extract scheduled__2026-01-11T00:00:00+00:00 [queued]>
[2026-01-20T10:20:55.082+0000] {taskinstance.py:1956} INFO - Dependencies all met for dep_context=requeueable deps ti=<TaskInstance: ml_pipeline_dvc_pytorch.extract scheduled__2026-01-11T00:00:00+00:00 [queued]>
[2026-01-20T10:20:55.083+0000] {taskinstance.py:2170} INFO - Starting attempt 2 of 2
[2026-01-20T10:20:55.094+0000] {taskinstance.py:2191} INFO - Executing <Task(BashOperator): extract> on 2026-01-11 00:00:00+00:00
[2026-01-20T10:20:55.098+0000] {standard_task_runner.py:60} INFO - Started process 818 to run task
[2026-01-20T10:20:55.100+0000] {standard_task_runner.py:87} INFO - Running: ['***', 'tasks', 'run', 'ml_pipeline_dvc_pytorch', 'extract', 'scheduled__2026-01-11T00:00:00+00:00', '--job-id', '46', '--raw', '--subdir', 'DAGS_FOLDER/etl.py', '--cfg-path', '/tmp/tmpnr04dw37']
[2026-01-20T10:20:55.102+0000] {standard_task_runner.py:88} INFO - Job 46: Subtask extract
[2026-01-20T10:20:55.138+0000] {task_command.py:423} INFO - Running <TaskInstance: ml_pipeline_dvc_pytorch.extract scheduled__2026-01-11T00:00:00+00:00 [running]> on host 8556d083bb74
[2026-01-20T10:20:55.194+0000] {taskinstance.py:2480} INFO - Exporting env vars: AIRFLOW_CTX_DAG_OWNER='ml_team' AIRFLOW_CTX_DAG_ID='ml_pipeline_dvc_pytorch' AIRFLOW_CTX_TASK_ID='extract' AIRFLOW_CTX_EXECUTION_DATE='2026-01-11T00:00:00+00:00' AIRFLOW_CTX_TRY_NUMBER='2' AIRFLOW_CTX_DAG_RUN_ID='scheduled__2026-01-11T00:00:00+00:00'
[2026-01-20T10:20:55.195+0000] {subprocess.py:63} INFO - Tmp dir root location: /tmp
[2026-01-20T10:20:55.195+0000] {subprocess.py:75} INFO - Running command: ['/usr/bin/bash', '-c', 'cd /opt/*** && dvc repro -s data_ingestion >> /opt/***/logs/extract.log 2>&1']
[2026-01-20T10:20:55.203+0000] {subprocess.py:86} INFO - Output:
[2026-01-20T10:20:55.205+0000] {subprocess.py:97} INFO - Command exited with return code 127
[2026-01-20T10:20:55.213+0000] {taskinstance.py:2698} ERROR - Task failed with exception
Traceback (most recent call last):
  File "/home/airflow/.local/lib/python3.8/site-packages/airflow/models/taskinstance.py", line 433, in _execute_task
    result = execute_callable(context=context, **execute_callable_kwargs)
  File "/home/airflow/.local/lib/python3.8/site-packages/airflow/operators/bash.py", line 212, in execute
    raise AirflowException(
airflow.exceptions.AirflowException: Bash command failed. The command returned a non-zero exit code 127.
[2026-01-20T10:20:55.216+0000] {taskinstance.py:1138} INFO - Marking task as FAILED. dag_id=ml_pipeline_dvc_pytorch, task_id=extract, execution_date=20260111T000000, start_date=20260120T102055, end_date=20260120T102055
[2026-01-20T10:20:55.224+0000] {standard_task_runner.py:107} ERROR - Failed to execute job 46 for task extract (Bash command failed. The command returned a non-zero exit code 127.; 818)
[2026-01-20T10:20:55.232+0000] {local_task_job_runner.py:234} INFO - Task exited with return code 1
[2026-01-20T10:20:55.249+0000] {taskinstance.py:3280} INFO - 0 downstream tasks scheduled from follow-on schedule check
