[2026-01-19T05:23:00.923+0000] {manager.py:469} INFO - Processing files using up to 2 processes at a time 
[2026-01-19T05:23:00.923+0000] {manager.py:470} INFO - Process each file at most once every 30 seconds
[2026-01-19T05:23:00.923+0000] {manager.py:471} INFO - Checking for new files in /opt/airflow/dags every 300 seconds
[2026-01-19T05:23:00.924+0000] {manager.py:738} INFO - Searching for files in /opt/airflow/dags
[2026-01-19T05:23:00.926+0000] {manager.py:741} INFO - There are 1 files in /opt/airflow/dags
[2026-01-19T05:23:01.150+0000] {manager.py:879} INFO - 
================================================================================
DAG File Processing Stats

File Path                   PID  Runtime      # DAGs    # Errors  Last Runtime    Last Run
------------------------  -----  ---------  --------  ----------  --------------  ----------
/opt/airflow/dags/etl.py    171  0.04s             0           0
================================================================================
[2026-01-19T05:23:31.284+0000] {manager.py:879} INFO - 
================================================================================
DAG File Processing Stats

File Path                 PID    Runtime      # DAGs    # Errors  Last Runtime    Last Run
------------------------  -----  ---------  --------  ----------  --------------  -------------------
/opt/airflow/dags/etl.py                           0           1  1.52s           2026-01-19T05:23:02
================================================================================
[2026-01-19T05:24:01.363+0000] {manager.py:879} INFO - 
================================================================================
DAG File Processing Stats

File Path                 PID    Runtime      # DAGs    # Errors  Last Runtime    Last Run
------------------------  -----  ---------  --------  ----------  --------------  -------------------
/opt/airflow/dags/etl.py                           0           1  0.41s           2026-01-19T05:23:33
================================================================================
[2026-01-19T05:24:31.553+0000] {manager.py:879} INFO - 
================================================================================
DAG File Processing Stats

File Path                 PID    Runtime      # DAGs    # Errors  Last Runtime    Last Run
------------------------  -----  ---------  --------  ----------  --------------  -------------------
/opt/airflow/dags/etl.py                           0           1  0.28s           2026-01-19T05:24:03
================================================================================
[2026-01-19T05:25:02.011+0000] {manager.py:879} INFO - 
================================================================================
DAG File Processing Stats

File Path                 PID    Runtime      # DAGs    # Errors  Last Runtime    Last Run
------------------------  -----  ---------  --------  ----------  --------------  -------------------
/opt/airflow/dags/etl.py                           0           1  0.30s           2026-01-19T05:24:34
================================================================================
[2026-01-19T05:25:32.490+0000] {manager.py:879} INFO - 
================================================================================
DAG File Processing Stats

File Path                 PID    Runtime      # DAGs    # Errors  Last Runtime    Last Run
------------------------  -----  ---------  --------  ----------  --------------  -------------------
/opt/airflow/dags/etl.py                           0           1  0.28s           2026-01-19T05:25:04
================================================================================
[2026-01-19T05:26:02.953+0000] {manager.py:879} INFO - 
================================================================================
DAG File Processing Stats

File Path                 PID    Runtime      # DAGs    # Errors  Last Runtime    Last Run
------------------------  -----  ---------  --------  ----------  --------------  -------------------
/opt/airflow/dags/etl.py                           0           1  0.30s           2026-01-19T05:25:35
================================================================================
[2026-01-19T05:26:33.378+0000] {manager.py:879} INFO - 
================================================================================
DAG File Processing Stats

File Path                 PID    Runtime      # DAGs    # Errors  Last Runtime    Last Run
------------------------  -----  ---------  --------  ----------  --------------  -------------------
/opt/airflow/dags/etl.py                           0           1  0.26s           2026-01-19T05:26:05
================================================================================
[2026-01-19T05:27:03.785+0000] {manager.py:879} INFO - 
================================================================================
DAG File Processing Stats

File Path                 PID    Runtime      # DAGs    # Errors  Last Runtime    Last Run
------------------------  -----  ---------  --------  ----------  --------------  -------------------
/opt/airflow/dags/etl.py                           0           1  0.35s           2026-01-19T05:26:35
================================================================================
[2026-01-19T05:27:24.014+0000] {manager.py:451} INFO - Exiting gracefully upon receiving signal 15
[2026-01-19T05:28:01.778+0000] {manager.py:469} INFO - Processing files using up to 2 processes at a time 
[2026-01-19T05:28:01.779+0000] {manager.py:470} INFO - Process each file at most once every 30 seconds
[2026-01-19T05:28:01.780+0000] {manager.py:471} INFO - Checking for new files in /opt/airflow/dags every 300 seconds
[2026-01-19T05:28:01.780+0000] {manager.py:738} INFO - Searching for files in /opt/airflow/dags
[2026-01-19T05:28:01.782+0000] {manager.py:741} INFO - There are 1 files in /opt/airflow/dags
[2026-01-19T05:28:01.969+0000] {manager.py:879} INFO - 
================================================================================
DAG File Processing Stats

File Path                   PID  Runtime      # DAGs    # Errors  Last Runtime    Last Run
------------------------  -----  ---------  --------  ----------  --------------  ----------
/opt/airflow/dags/etl.py    171  0.04s             0           0
================================================================================
[2026-01-19T05:28:32.114+0000] {manager.py:879} INFO - 
================================================================================
DAG File Processing Stats

File Path                 PID    Runtime      # DAGs    # Errors  Last Runtime    Last Run
------------------------  -----  ---------  --------  ----------  --------------  -------------------
/opt/airflow/dags/etl.py                           0           1  1.44s           2026-01-19T05:28:03
================================================================================
[2026-01-19T05:29:02.669+0000] {manager.py:879} INFO - 
================================================================================
DAG File Processing Stats

File Path                 PID    Runtime      # DAGs    # Errors  Last Runtime    Last Run
------------------------  -----  ---------  --------  ----------  --------------  -------------------
/opt/airflow/dags/etl.py                           0           1  0.39s           2026-01-19T05:28:33
================================================================================
[2026-01-19T05:29:33.223+0000] {manager.py:879} INFO - 
================================================================================
DAG File Processing Stats

File Path                 PID    Runtime      # DAGs    # Errors  Last Runtime    Last Run
------------------------  -----  ---------  --------  ----------  --------------  -------------------
/opt/airflow/dags/etl.py                           0           1  0.36s           2026-01-19T05:29:04
================================================================================
[2026-01-19T05:30:03.748+0000] {manager.py:879} INFO - 
================================================================================
DAG File Processing Stats

File Path                 PID    Runtime      # DAGs    # Errors  Last Runtime    Last Run
------------------------  -----  ---------  --------  ----------  --------------  -------------------
/opt/airflow/dags/etl.py                           0           1  0.34s           2026-01-19T05:29:34
================================================================================
[2026-01-19T05:30:34.263+0000] {manager.py:879} INFO - 
================================================================================
DAG File Processing Stats

File Path                 PID    Runtime      # DAGs    # Errors  Last Runtime    Last Run
------------------------  -----  ---------  --------  ----------  --------------  -------------------
/opt/airflow/dags/etl.py                           0           1  0.29s           2026-01-19T05:30:05
================================================================================
[2026-01-19T05:31:04.726+0000] {manager.py:879} INFO - 
================================================================================
DAG File Processing Stats

File Path                 PID    Runtime      # DAGs    # Errors  Last Runtime    Last Run
------------------------  -----  ---------  --------  ----------  --------------  -------------------
/opt/airflow/dags/etl.py                           0           1  0.29s           2026-01-19T05:30:35
================================================================================
[2026-01-19T05:31:35.186+0000] {manager.py:879} INFO - 
================================================================================
DAG File Processing Stats

File Path                 PID    Runtime      # DAGs    # Errors  Last Runtime    Last Run
------------------------  -----  ---------  --------  ----------  --------------  -------------------
/opt/airflow/dags/etl.py                           0           1  0.31s           2026-01-19T05:31:06
================================================================================
[2026-01-19T05:32:05.666+0000] {manager.py:879} INFO - 
================================================================================
DAG File Processing Stats

File Path                 PID    Runtime      # DAGs    # Errors  Last Runtime    Last Run
------------------------  -----  ---------  --------  ----------  --------------  -------------------
/opt/airflow/dags/etl.py                           0           1  0.29s           2026-01-19T05:31:36
================================================================================
[2026-01-19T05:32:36.093+0000] {manager.py:879} INFO - 
================================================================================
DAG File Processing Stats

File Path                 PID    Runtime      # DAGs    # Errors  Last Runtime    Last Run
------------------------  -----  ---------  --------  ----------  --------------  -------------------
/opt/airflow/dags/etl.py                           0           1  0.32s           2026-01-19T05:32:07
================================================================================
[2026-01-19T05:33:01.852+0000] {manager.py:738} INFO - Searching for files in /opt/airflow/dags
[2026-01-19T05:33:01.854+0000] {manager.py:741} INFO - There are 1 files in /opt/airflow/dags
[2026-01-19T05:33:06.546+0000] {manager.py:879} INFO - 
================================================================================
DAG File Processing Stats

File Path                 PID    Runtime      # DAGs    # Errors  Last Runtime    Last Run
------------------------  -----  ---------  --------  ----------  --------------  -------------------
/opt/airflow/dags/etl.py                           0           1  0.35s           2026-01-19T05:32:37
================================================================================
[2026-01-19T05:33:37.026+0000] {manager.py:879} INFO - 
================================================================================
DAG File Processing Stats

File Path                 PID    Runtime      # DAGs    # Errors  Last Runtime    Last Run
------------------------  -----  ---------  --------  ----------  --------------  -------------------
/opt/airflow/dags/etl.py                           0           1  0.27s           2026-01-19T05:33:08
================================================================================
[2026-01-19T05:34:07.445+0000] {manager.py:879} INFO - 
================================================================================
DAG File Processing Stats

File Path                 PID    Runtime      # DAGs    # Errors  Last Runtime    Last Run
------------------------  -----  ---------  --------  ----------  --------------  -------------------
/opt/airflow/dags/etl.py                           0           1  0.33s           2026-01-19T05:33:38
================================================================================
[2026-01-19T05:34:37.926+0000] {manager.py:879} INFO - 
================================================================================
DAG File Processing Stats

File Path                 PID    Runtime      # DAGs    # Errors  Last Runtime    Last Run
------------------------  -----  ---------  --------  ----------  --------------  -------------------
/opt/airflow/dags/etl.py                           0           1  0.32s           2026-01-19T05:34:09
================================================================================
[2026-01-19T05:35:08.392+0000] {manager.py:879} INFO - 
================================================================================
DAG File Processing Stats

File Path                 PID    Runtime      # DAGs    # Errors  Last Runtime    Last Run
------------------------  -----  ---------  --------  ----------  --------------  -------------------
/opt/airflow/dags/etl.py                           0           1  0.31s           2026-01-19T05:34:39
================================================================================
[2026-01-19T05:35:38.856+0000] {manager.py:879} INFO - 
================================================================================
DAG File Processing Stats

File Path                 PID    Runtime      # DAGs    # Errors  Last Runtime    Last Run
------------------------  -----  ---------  --------  ----------  --------------  -------------------
/opt/airflow/dags/etl.py                           0           1  0.32s           2026-01-19T05:35:10
================================================================================
[2026-01-19T05:36:09.335+0000] {manager.py:879} INFO - 
================================================================================
DAG File Processing Stats

File Path                 PID    Runtime      # DAGs    # Errors  Last Runtime    Last Run
------------------------  -----  ---------  --------  ----------  --------------  -------------------
/opt/airflow/dags/etl.py                           0           1  0.32s           2026-01-19T05:35:40
================================================================================
[2026-01-19T05:36:39.807+0000] {manager.py:879} INFO - 
================================================================================
DAG File Processing Stats

File Path                 PID    Runtime      # DAGs    # Errors  Last Runtime    Last Run
------------------------  -----  ---------  --------  ----------  --------------  -------------------
/opt/airflow/dags/etl.py                           0           1  0.30s           2026-01-19T05:36:10
================================================================================
[2026-01-19T05:37:10.256+0000] {manager.py:879} INFO - 
================================================================================
DAG File Processing Stats

File Path                 PID    Runtime      # DAGs    # Errors  Last Runtime    Last Run
------------------------  -----  ---------  --------  ----------  --------------  -------------------
/opt/airflow/dags/etl.py                           0           1  0.31s           2026-01-19T05:36:41
================================================================================
[2026-01-19T05:37:40.705+0000] {manager.py:879} INFO - 
================================================================================
DAG File Processing Stats

File Path                 PID    Runtime      # DAGs    # Errors  Last Runtime    Last Run
------------------------  -----  ---------  --------  ----------  --------------  -------------------
/opt/airflow/dags/etl.py                           0           1  0.44s           2026-01-19T05:37:12
================================================================================
[2026-01-19T05:38:02.240+0000] {manager.py:738} INFO - Searching for files in /opt/airflow/dags
[2026-01-19T05:38:02.244+0000] {manager.py:741} INFO - There are 1 files in /opt/airflow/dags
[2026-01-19T05:38:11.315+0000] {manager.py:879} INFO - 
================================================================================
DAG File Processing Stats

File Path                 PID    Runtime      # DAGs    # Errors  Last Runtime    Last Run
------------------------  -----  ---------  --------  ----------  --------------  -------------------
/opt/airflow/dags/etl.py                           0           1  0.36s           2026-01-19T05:37:42
================================================================================
[2026-01-19T05:38:41.775+0000] {manager.py:879} INFO - 
================================================================================
DAG File Processing Stats

File Path                 PID    Runtime      # DAGs    # Errors  Last Runtime    Last Run
------------------------  -----  ---------  --------  ----------  --------------  -------------------
/opt/airflow/dags/etl.py                           0           1  0.37s           2026-01-19T05:38:13
================================================================================
[2026-01-19T05:39:12.303+0000] {manager.py:879} INFO - 
================================================================================
DAG File Processing Stats

File Path                 PID    Runtime      # DAGs    # Errors  Last Runtime    Last Run
------------------------  -----  ---------  --------  ----------  --------------  -------------------
/opt/airflow/dags/etl.py                           0           1  0.40s           2026-01-19T05:38:43
================================================================================
[2026-01-19T05:39:42.857+0000] {manager.py:879} INFO - 
================================================================================
DAG File Processing Stats

File Path                 PID    Runtime      # DAGs    # Errors  Last Runtime    Last Run
------------------------  -----  ---------  --------  ----------  --------------  -------------------
/opt/airflow/dags/etl.py                           0           1  0.35s           2026-01-19T05:39:14
================================================================================
[2026-01-19T05:40:13.368+0000] {manager.py:879} INFO - 
================================================================================
DAG File Processing Stats

File Path                 PID    Runtime      # DAGs    # Errors  Last Runtime    Last Run
------------------------  -----  ---------  --------  ----------  --------------  -------------------
/opt/airflow/dags/etl.py                           0           1  0.31s           2026-01-19T05:39:44
================================================================================
[2026-01-19T05:40:43.827+0000] {manager.py:879} INFO - 
================================================================================
DAG File Processing Stats

File Path                 PID    Runtime      # DAGs    # Errors  Last Runtime    Last Run
------------------------  -----  ---------  --------  ----------  --------------  -------------------
/opt/airflow/dags/etl.py                           0           1  0.33s           2026-01-19T05:40:15
================================================================================
[2026-01-19T05:41:14.296+0000] {manager.py:879} INFO - 
================================================================================
DAG File Processing Stats

File Path                 PID    Runtime      # DAGs    # Errors  Last Runtime    Last Run
------------------------  -----  ---------  --------  ----------  --------------  -------------------
/opt/airflow/dags/etl.py                           0           1  0.44s           2026-01-19T05:40:45
================================================================================
[2026-01-19T05:41:44.886+0000] {manager.py:879} INFO - 
================================================================================
DAG File Processing Stats

File Path                 PID    Runtime      # DAGs    # Errors  Last Runtime    Last Run
------------------------  -----  ---------  --------  ----------  --------------  -------------------
/opt/airflow/dags/etl.py                           0           1  0.27s           2026-01-19T05:41:16
================================================================================
[2026-01-19T05:42:15.311+0000] {manager.py:879} INFO - 
================================================================================
DAG File Processing Stats

File Path                 PID    Runtime      # DAGs    # Errors  Last Runtime    Last Run
------------------------  -----  ---------  --------  ----------  --------------  -------------------
/opt/airflow/dags/etl.py                           0           1  0.30s           2026-01-19T05:41:46
================================================================================
[2026-01-19T05:42:45.740+0000] {manager.py:879} INFO - 
================================================================================
DAG File Processing Stats

File Path                 PID    Runtime      # DAGs    # Errors  Last Runtime    Last Run
------------------------  -----  ---------  --------  ----------  --------------  -------------------
/opt/airflow/dags/etl.py                           0           1  0.27s           2026-01-19T05:42:16
================================================================================
[2026-01-19T05:59:49.591+0000] {manager.py:738} INFO - Searching for files in /opt/airflow/dags
[2026-01-19T05:59:49.594+0000] {manager.py:741} INFO - There are 1 files in /opt/airflow/dags
[2026-01-19T06:00:06.434+0000] {manager.py:451} INFO - Exiting gracefully upon receiving signal 15
[2026-01-19T12:17:47.015+0000] {manager.py:469} INFO - Processing files using up to 2 processes at a time 
[2026-01-19T12:17:47.016+0000] {manager.py:470} INFO - Process each file at most once every 30 seconds
[2026-01-19T12:17:47.016+0000] {manager.py:471} INFO - Checking for new files in /opt/airflow/dags every 300 seconds
[2026-01-19T12:17:47.017+0000] {manager.py:738} INFO - Searching for files in /opt/airflow/dags
[2026-01-19T12:17:47.019+0000] {manager.py:741} INFO - There are 1 files in /opt/airflow/dags
[2026-01-19T12:17:47.175+0000] {manager.py:879} INFO - 
================================================================================
DAG File Processing Stats

File Path                   PID  Runtime      # DAGs    # Errors  Last Runtime    Last Run
------------------------  -----  ---------  --------  ----------  --------------  ----------
/opt/airflow/dags/etl.py    193  0.03s             0           0
================================================================================
[2026-01-19T12:18:17.293+0000] {manager.py:879} INFO - 
================================================================================
DAG File Processing Stats

File Path                 PID    Runtime      # DAGs    # Errors  Last Runtime    Last Run
------------------------  -----  ---------  --------  ----------  --------------  -------------------
/opt/airflow/dags/etl.py                           0           1  1.47s           2026-01-19T12:17:48
================================================================================
[2026-01-19T12:18:47.877+0000] {manager.py:879} INFO - 
================================================================================
DAG File Processing Stats

File Path                 PID    Runtime      # DAGs    # Errors  Last Runtime    Last Run
------------------------  -----  ---------  --------  ----------  --------------  -------------------
/opt/airflow/dags/etl.py                           0           1  0.42s           2026-01-19T12:18:19
================================================================================
[2026-01-19T12:19:18.446+0000] {manager.py:879} INFO - 
================================================================================
DAG File Processing Stats

File Path                 PID    Runtime      # DAGs    # Errors  Last Runtime    Last Run
------------------------  -----  ---------  --------  ----------  --------------  -------------------
/opt/airflow/dags/etl.py                           0           1  0.35s           2026-01-19T12:18:49
================================================================================
[2026-01-19T12:19:48.930+0000] {manager.py:879} INFO - 
================================================================================
DAG File Processing Stats

File Path                 PID    Runtime      # DAGs    # Errors  Last Runtime    Last Run
------------------------  -----  ---------  --------  ----------  --------------  -------------------
/opt/airflow/dags/etl.py                           0           1  0.41s           2026-01-19T12:19:20
================================================================================
[2026-01-19T12:20:19.504+0000] {manager.py:879} INFO - 
================================================================================
DAG File Processing Stats

File Path                 PID    Runtime      # DAGs    # Errors  Last Runtime    Last Run
------------------------  -----  ---------  --------  ----------  --------------  -------------------
/opt/airflow/dags/etl.py                           0           1  0.40s           2026-01-19T12:19:50
================================================================================
[2026-01-19T12:20:50.049+0000] {manager.py:879} INFO - 
================================================================================
DAG File Processing Stats

File Path                 PID    Runtime      # DAGs    # Errors  Last Runtime    Last Run
------------------------  -----  ---------  --------  ----------  --------------  -------------------
/opt/airflow/dags/etl.py                           0           1  0.42s           2026-01-19T12:20:21
================================================================================
[2026-01-19T12:21:20.641+0000] {manager.py:879} INFO - 
================================================================================
DAG File Processing Stats

File Path                 PID    Runtime      # DAGs    # Errors  Last Runtime    Last Run
------------------------  -----  ---------  --------  ----------  --------------  -------------------
/opt/airflow/dags/etl.py                           0           1  0.40s           2026-01-19T12:20:51
================================================================================
[2026-01-19T12:21:51.188+0000] {manager.py:879} INFO - 
================================================================================
DAG File Processing Stats

File Path                 PID    Runtime      # DAGs    # Errors  Last Runtime    Last Run
------------------------  -----  ---------  --------  ----------  --------------  -------------------
/opt/airflow/dags/etl.py                           0           1  0.45s           2026-01-19T12:21:22
================================================================================
[2026-01-19T12:22:21.247+0000] {manager.py:879} INFO - 
================================================================================
DAG File Processing Stats

File Path                 PID    Runtime      # DAGs    # Errors  Last Runtime    Last Run
------------------------  -----  ---------  --------  ----------  --------------  -------------------
/opt/airflow/dags/etl.py                           0           1  0.45s           2026-01-19T12:21:53
================================================================================
[2026-01-19T12:22:47.414+0000] {manager.py:738} INFO - Searching for files in /opt/airflow/dags
[2026-01-19T12:22:47.418+0000] {manager.py:741} INFO - There are 1 files in /opt/airflow/dags
[2026-01-19T12:22:51.460+0000] {manager.py:879} INFO - 
================================================================================
DAG File Processing Stats

File Path                 PID    Runtime      # DAGs    # Errors  Last Runtime    Last Run
------------------------  -----  ---------  --------  ----------  --------------  -------------------
/opt/airflow/dags/etl.py                           0           1  0.41s           2026-01-19T12:22:23
================================================================================
[2026-01-19T12:23:22.021+0000] {manager.py:879} INFO - 
================================================================================
DAG File Processing Stats

File Path                 PID    Runtime      # DAGs    # Errors  Last Runtime    Last Run
------------------------  -----  ---------  --------  ----------  --------------  -------------------
/opt/airflow/dags/etl.py                           0           1  0.42s           2026-01-19T12:22:54
================================================================================
[2026-01-19T12:23:52.057+0000] {manager.py:879} INFO - 
================================================================================
DAG File Processing Stats

File Path                 PID    Runtime      # DAGs    # Errors  Last Runtime    Last Run
------------------------  -----  ---------  --------  ----------  --------------  -------------------
/opt/airflow/dags/etl.py                           0           1  0.48s           2026-01-19T12:23:24
================================================================================
[2026-01-19T12:24:22.237+0000] {manager.py:879} INFO - 
================================================================================
DAG File Processing Stats

File Path                 PID    Runtime      # DAGs    # Errors  Last Runtime    Last Run
------------------------  -----  ---------  --------  ----------  --------------  -------------------
/opt/airflow/dags/etl.py                           0           1  0.43s           2026-01-19T12:23:55
================================================================================
[2026-01-19T12:24:52.853+0000] {manager.py:879} INFO - 
================================================================================
DAG File Processing Stats

File Path                 PID    Runtime      # DAGs    # Errors  Last Runtime    Last Run
------------------------  -----  ---------  --------  ----------  --------------  -------------------
/opt/airflow/dags/etl.py                           0           1  0.40s           2026-01-19T12:24:26
================================================================================
[2026-01-19T12:25:23.441+0000] {manager.py:879} INFO - 
================================================================================
DAG File Processing Stats

File Path                 PID    Runtime      # DAGs    # Errors  Last Runtime    Last Run
------------------------  -----  ---------  --------  ----------  --------------  -------------------
/opt/airflow/dags/etl.py                           0           1  0.38s           2026-01-19T12:24:56
================================================================================
[2026-01-19T12:25:54.005+0000] {manager.py:879} INFO - 
================================================================================
DAG File Processing Stats

File Path                 PID    Runtime      # DAGs    # Errors  Last Runtime    Last Run
------------------------  -----  ---------  --------  ----------  --------------  -------------------
/opt/airflow/dags/etl.py                           0           1  0.40s           2026-01-19T12:25:27
================================================================================
[2026-01-19T12:26:24.592+0000] {manager.py:879} INFO - 
================================================================================
DAG File Processing Stats

File Path                 PID    Runtime      # DAGs    # Errors  Last Runtime    Last Run
------------------------  -----  ---------  --------  ----------  --------------  -------------------
/opt/airflow/dags/etl.py                           0           1  0.38s           2026-01-19T12:25:57
================================================================================
[2026-01-19T12:26:55.163+0000] {manager.py:879} INFO - 
================================================================================
DAG File Processing Stats

File Path                 PID    Runtime      # DAGs    # Errors  Last Runtime    Last Run
------------------------  -----  ---------  --------  ----------  --------------  -------------------
/opt/airflow/dags/etl.py                           0           1  0.38s           2026-01-19T12:26:28
================================================================================
[2026-01-19T12:27:25.729+0000] {manager.py:879} INFO - 
================================================================================
DAG File Processing Stats

File Path                 PID    Runtime      # DAGs    # Errors  Last Runtime    Last Run
------------------------  -----  ---------  --------  ----------  --------------  -------------------
/opt/airflow/dags/etl.py                           0           1  0.39s           2026-01-19T12:26:58
================================================================================
[2026-01-19T12:27:47.679+0000] {manager.py:738} INFO - Searching for files in /opt/airflow/dags
[2026-01-19T12:27:47.682+0000] {manager.py:741} INFO - There are 1 files in /opt/airflow/dags
[2026-01-19T12:27:55.748+0000] {manager.py:879} INFO - 
================================================================================
DAG File Processing Stats

File Path                 PID    Runtime      # DAGs    # Errors  Last Runtime    Last Run
------------------------  -----  ---------  --------  ----------  --------------  -------------------
/opt/airflow/dags/etl.py                           0           1  0.45s           2026-01-19T12:27:29
================================================================================
[2026-01-19T12:28:25.916+0000] {manager.py:879} INFO - 
================================================================================
DAG File Processing Stats

File Path                 PID    Runtime      # DAGs    # Errors  Last Runtime    Last Run
------------------------  -----  ---------  --------  ----------  --------------  -------------------
/opt/airflow/dags/etl.py                           0           1  0.30s           2026-01-19T12:28:00
================================================================================
[2026-01-19T12:28:43.968+0000] {manager.py:451} INFO - Exiting gracefully upon receiving signal 15
[2026-01-19T12:29:14.017+0000] {manager.py:469} INFO - Processing files using up to 2 processes at a time 
[2026-01-19T12:29:14.018+0000] {manager.py:470} INFO - Process each file at most once every 30 seconds
[2026-01-19T12:29:14.018+0000] {manager.py:471} INFO - Checking for new files in /opt/airflow/dags every 300 seconds
[2026-01-19T12:29:14.018+0000] {manager.py:738} INFO - Searching for files in /opt/airflow/dags
[2026-01-19T12:29:14.019+0000] {manager.py:741} INFO - There are 1 files in /opt/airflow/dags
[2026-01-19T12:29:14.118+0000] {manager.py:879} INFO - 
================================================================================
DAG File Processing Stats

File Path                   PID  Runtime      # DAGs    # Errors  Last Runtime    Last Run
------------------------  -----  ---------  --------  ----------  --------------  ----------
/opt/airflow/dags/etl.py    193  0.02s             0           0
================================================================================
[2026-01-19T12:29:44.218+0000] {manager.py:879} INFO - 
================================================================================
DAG File Processing Stats

File Path                 PID    Runtime      # DAGs    # Errors  Last Runtime    Last Run
------------------------  -----  ---------  --------  ----------  --------------  -------------------
/opt/airflow/dags/etl.py                           0           1  0.87s           2026-01-19T12:29:14
================================================================================
[2026-01-19T12:30:14.351+0000] {manager.py:879} INFO - 
================================================================================
DAG File Processing Stats

File Path                 PID    Runtime      # DAGs    # Errors  Last Runtime    Last Run
------------------------  -----  ---------  --------  ----------  --------------  -------------------
/opt/airflow/dags/etl.py                           0           1  0.33s           2026-01-19T12:29:45
================================================================================
[2026-01-19T12:30:44.695+0000] {manager.py:879} INFO - 
================================================================================
DAG File Processing Stats

File Path                 PID    Runtime      # DAGs    # Errors  Last Runtime    Last Run
------------------------  -----  ---------  --------  ----------  --------------  -------------------
/opt/airflow/dags/etl.py                           0           1  0.30s           2026-01-19T12:30:15
================================================================================
[2026-01-19T12:31:15.129+0000] {manager.py:879} INFO - 
================================================================================
DAG File Processing Stats

File Path                 PID    Runtime      # DAGs    # Errors  Last Runtime    Last Run
------------------------  -----  ---------  --------  ----------  --------------  -------------------
/opt/airflow/dags/etl.py                           0           1  0.30s           2026-01-19T12:30:46
================================================================================
[2026-01-19T12:31:45.545+0000] {manager.py:879} INFO - 
================================================================================
DAG File Processing Stats

File Path                 PID    Runtime      # DAGs    # Errors  Last Runtime    Last Run
------------------------  -----  ---------  --------  ----------  --------------  -------------------
/opt/airflow/dags/etl.py                           0           1  0.29s           2026-01-19T12:31:16
================================================================================
[2026-01-19T12:32:15.924+0000] {manager.py:879} INFO - 
================================================================================
DAG File Processing Stats

File Path                 PID    Runtime      # DAGs    # Errors  Last Runtime    Last Run
------------------------  -----  ---------  --------  ----------  --------------  -------------------
/opt/airflow/dags/etl.py                           0           1  0.32s           2026-01-19T12:31:47
================================================================================
[2026-01-19T12:32:46.348+0000] {manager.py:879} INFO - 
================================================================================
DAG File Processing Stats

File Path                 PID    Runtime      # DAGs    # Errors  Last Runtime    Last Run
------------------------  -----  ---------  --------  ----------  --------------  -------------------
/opt/airflow/dags/etl.py                           0           1  0.29s           2026-01-19T12:32:17
================================================================================
[2026-01-19T12:33:16.733+0000] {manager.py:879} INFO - 
================================================================================
DAG File Processing Stats

File Path                 PID    Runtime      # DAGs    # Errors  Last Runtime    Last Run
------------------------  -----  ---------  --------  ----------  --------------  -------------------
/opt/airflow/dags/etl.py                           0           1  0.30s           2026-01-19T12:32:47
================================================================================
[2026-01-19T12:33:47.114+0000] {manager.py:879} INFO - 
================================================================================
DAG File Processing Stats

File Path                 PID    Runtime      # DAGs    # Errors  Last Runtime    Last Run
------------------------  -----  ---------  --------  ----------  --------------  -------------------
/opt/airflow/dags/etl.py                           0           1  0.34s           2026-01-19T12:33:18
================================================================================
[2026-01-19T12:34:14.558+0000] {manager.py:738} INFO - Searching for files in /opt/airflow/dags
[2026-01-19T12:34:14.560+0000] {manager.py:741} INFO - There are 1 files in /opt/airflow/dags
[2026-01-19T12:34:17.582+0000] {manager.py:879} INFO - 
================================================================================
DAG File Processing Stats

File Path                 PID    Runtime      # DAGs    # Errors  Last Runtime    Last Run
------------------------  -----  ---------  --------  ----------  --------------  -------------------
/opt/airflow/dags/etl.py                           0           1  0.33s           2026-01-19T12:33:48
================================================================================
[2026-01-19T12:34:47.991+0000] {manager.py:879} INFO - 
================================================================================
DAG File Processing Stats

File Path                 PID    Runtime      # DAGs    # Errors  Last Runtime    Last Run
------------------------  -----  ---------  --------  ----------  --------------  -------------------
/opt/airflow/dags/etl.py                           0           1  0.33s           2026-01-19T12:34:19
================================================================================
[2026-01-19T12:35:18.404+0000] {manager.py:879} INFO - 
================================================================================
DAG File Processing Stats

File Path                 PID    Runtime      # DAGs    # Errors  Last Runtime    Last Run
------------------------  -----  ---------  --------  ----------  --------------  -------------------
/opt/airflow/dags/etl.py                           0           1  0.32s           2026-01-19T12:34:49
================================================================================
[2026-01-19T12:35:48.822+0000] {manager.py:879} INFO - 
================================================================================
DAG File Processing Stats

File Path                 PID    Runtime      # DAGs    # Errors  Last Runtime    Last Run
------------------------  -----  ---------  --------  ----------  --------------  -------------------
/opt/airflow/dags/etl.py                           0           1  0.32s           2026-01-19T12:35:20
================================================================================
[2026-01-19T12:42:27.554+0000] {manager.py:738} INFO - Searching for files in /opt/airflow/dags
[2026-01-19T12:42:27.556+0000] {manager.py:741} INFO - There are 1 files in /opt/airflow/dags
[2026-01-19T12:42:42.632+0000] {manager.py:879} INFO - 
================================================================================
DAG File Processing Stats

File Path                 PID    Runtime      # DAGs    # Errors  Last Runtime    Last Run
------------------------  -----  ---------  --------  ----------  --------------  -------------------
/opt/airflow/dags/etl.py                           0           1  0.32s           2026-01-19T12:42:27
================================================================================
[2026-01-19T12:43:13.033+0000] {manager.py:879} INFO - 
================================================================================
DAG File Processing Stats

File Path                 PID    Runtime      # DAGs    # Errors  Last Runtime    Last Run
------------------------  -----  ---------  --------  ----------  --------------  -------------------
/opt/airflow/dags/etl.py                           0           1  0.31s           2026-01-19T12:42:58
================================================================================
[2026-01-19T12:43:43.453+0000] {manager.py:879} INFO - 
================================================================================
DAG File Processing Stats

File Path                 PID    Runtime      # DAGs    # Errors  Last Runtime    Last Run
------------------------  -----  ---------  --------  ----------  --------------  -------------------
/opt/airflow/dags/etl.py                           0           1  0.30s           2026-01-19T12:43:28
================================================================================
[2026-01-19T12:44:13.853+0000] {manager.py:879} INFO - 
================================================================================
DAG File Processing Stats

File Path                 PID    Runtime      # DAGs    # Errors  Last Runtime    Last Run
------------------------  -----  ---------  --------  ----------  --------------  -------------------
/opt/airflow/dags/etl.py                           0           1  0.30s           2026-01-19T12:43:59
================================================================================
[2026-01-19T12:44:44.258+0000] {manager.py:879} INFO - 
================================================================================
DAG File Processing Stats

File Path                 PID    Runtime      # DAGs    # Errors  Last Runtime    Last Run
------------------------  -----  ---------  --------  ----------  --------------  -------------------
/opt/airflow/dags/etl.py                           0           1  0.31s           2026-01-19T12:44:29
================================================================================
[2026-01-19T12:45:14.648+0000] {manager.py:879} INFO - 
================================================================================
DAG File Processing Stats

File Path                 PID    Runtime      # DAGs    # Errors  Last Runtime    Last Run
------------------------  -----  ---------  --------  ----------  --------------  -------------------
/opt/airflow/dags/etl.py                           0           1  0.30s           2026-01-19T12:44:59
================================================================================
[2026-01-19T12:45:45.057+0000] {manager.py:879} INFO - 
================================================================================
DAG File Processing Stats

File Path                 PID    Runtime      # DAGs    # Errors  Last Runtime    Last Run
------------------------  -----  ---------  --------  ----------  --------------  -------------------
/opt/airflow/dags/etl.py                           0           1  0.33s           2026-01-19T12:45:30
================================================================================
[2026-01-19T12:46:15.471+0000] {manager.py:879} INFO - 
================================================================================
DAG File Processing Stats

File Path                 PID    Runtime      # DAGs    # Errors  Last Runtime    Last Run
------------------------  -----  ---------  --------  ----------  --------------  -------------------
/opt/airflow/dags/etl.py                           0           1  0.31s           2026-01-19T12:46:00
================================================================================
[2026-01-19T12:46:45.912+0000] {manager.py:879} INFO - 
================================================================================
DAG File Processing Stats

File Path                 PID    Runtime      # DAGs    # Errors  Last Runtime    Last Run
------------------------  -----  ---------  --------  ----------  --------------  -------------------
/opt/airflow/dags/etl.py                           0           1  0.30s           2026-01-19T12:46:31
================================================================================
[2026-01-19T12:47:16.297+0000] {manager.py:879} INFO - 
================================================================================
DAG File Processing Stats

File Path                 PID    Runtime      # DAGs    # Errors  Last Runtime    Last Run
------------------------  -----  ---------  --------  ----------  --------------  -------------------
/opt/airflow/dags/etl.py                           0           1  0.29s           2026-01-19T12:47:01
================================================================================
[2026-01-19T12:47:27.612+0000] {manager.py:738} INFO - Searching for files in /opt/airflow/dags
[2026-01-19T12:47:27.613+0000] {manager.py:741} INFO - There are 1 files in /opt/airflow/dags
[2026-01-19T12:47:46.686+0000] {manager.py:879} INFO - 
================================================================================
DAG File Processing Stats

File Path                 PID    Runtime      # DAGs    # Errors  Last Runtime    Last Run
------------------------  -----  ---------  --------  ----------  --------------  -------------------
/opt/airflow/dags/etl.py                           0           1  0.30s           2026-01-19T12:47:31
================================================================================
[2026-01-19T12:48:17.115+0000] {manager.py:879} INFO - 
================================================================================
DAG File Processing Stats

File Path                 PID    Runtime      # DAGs    # Errors  Last Runtime    Last Run
------------------------  -----  ---------  --------  ----------  --------------  -------------------
/opt/airflow/dags/etl.py                           0           1  0.32s           2026-01-19T12:48:02
================================================================================
[2026-01-19T12:48:47.556+0000] {manager.py:879} INFO - 
================================================================================
DAG File Processing Stats

File Path                 PID    Runtime      # DAGs    # Errors  Last Runtime    Last Run
------------------------  -----  ---------  --------  ----------  --------------  -------------------
/opt/airflow/dags/etl.py                           0           1  0.29s           2026-01-19T12:48:32
================================================================================
[2026-01-19T12:49:17.968+0000] {manager.py:879} INFO - 
================================================================================
DAG File Processing Stats

File Path                 PID    Runtime      # DAGs    # Errors  Last Runtime    Last Run
------------------------  -----  ---------  --------  ----------  --------------  -------------------
/opt/airflow/dags/etl.py                           0           1  0.29s           2026-01-19T12:49:03
================================================================================
[2026-01-19T12:49:48.394+0000] {manager.py:879} INFO - 
================================================================================
DAG File Processing Stats

File Path                 PID    Runtime      # DAGs    # Errors  Last Runtime    Last Run
------------------------  -----  ---------  --------  ----------  --------------  -------------------
/opt/airflow/dags/etl.py                           0           1  0.32s           2026-01-19T12:49:33
================================================================================
[2026-01-19T12:50:18.865+0000] {manager.py:879} INFO - 
================================================================================
DAG File Processing Stats

File Path                 PID    Runtime      # DAGs    # Errors  Last Runtime    Last Run
------------------------  -----  ---------  --------  ----------  --------------  -------------------
/opt/airflow/dags/etl.py                           0           1  0.29s           2026-01-19T12:50:04
================================================================================
[2026-01-19T12:50:49.293+0000] {manager.py:879} INFO - 
================================================================================
DAG File Processing Stats

File Path                 PID    Runtime      # DAGs    # Errors  Last Runtime    Last Run
------------------------  -----  ---------  --------  ----------  --------------  -------------------
/opt/airflow/dags/etl.py                           0           1  0.31s           2026-01-19T12:50:34
================================================================================
[2026-01-19T12:51:19.700+0000] {manager.py:879} INFO - 
================================================================================
DAG File Processing Stats

File Path                 PID    Runtime      # DAGs    # Errors  Last Runtime    Last Run
------------------------  -----  ---------  --------  ----------  --------------  -------------------
/opt/airflow/dags/etl.py                           0           1  0.31s           2026-01-19T12:51:04
================================================================================
[2026-01-19T12:51:50.136+0000] {manager.py:879} INFO - 
================================================================================
DAG File Processing Stats

File Path                 PID    Runtime      # DAGs    # Errors  Last Runtime    Last Run
------------------------  -----  ---------  --------  ----------  --------------  -------------------
/opt/airflow/dags/etl.py                           0           1  0.30s           2026-01-19T12:51:35
================================================================================
[2026-01-19T12:52:20.576+0000] {manager.py:879} INFO - 
================================================================================
DAG File Processing Stats

File Path                 PID    Runtime      # DAGs    # Errors  Last Runtime    Last Run
------------------------  -----  ---------  --------  ----------  --------------  -------------------
/opt/airflow/dags/etl.py                           0           1  0.29s           2026-01-19T12:52:05
================================================================================
[2026-01-19T12:52:27.887+0000] {manager.py:738} INFO - Searching for files in /opt/airflow/dags
[2026-01-19T12:52:27.888+0000] {manager.py:741} INFO - There are 1 files in /opt/airflow/dags
[2026-01-19T12:52:51.017+0000] {manager.py:879} INFO - 
================================================================================
DAG File Processing Stats

File Path                 PID    Runtime      # DAGs    # Errors  Last Runtime    Last Run
------------------------  -----  ---------  --------  ----------  --------------  -------------------
/opt/airflow/dags/etl.py                           0           1  0.30s           2026-01-19T12:52:36
================================================================================
[2026-01-19T12:53:21.442+0000] {manager.py:879} INFO - 
================================================================================
DAG File Processing Stats

File Path                 PID    Runtime      # DAGs    # Errors  Last Runtime    Last Run
------------------------  -----  ---------  --------  ----------  --------------  -------------------
/opt/airflow/dags/etl.py                           0           1  0.29s           2026-01-19T12:53:06
================================================================================
[2026-01-19T12:53:51.835+0000] {manager.py:879} INFO - 
================================================================================
DAG File Processing Stats

File Path                 PID    Runtime      # DAGs    # Errors  Last Runtime    Last Run
------------------------  -----  ---------  --------  ----------  --------------  -------------------
/opt/airflow/dags/etl.py                           0           1  0.32s           2026-01-19T12:53:37
================================================================================
[2026-01-19T12:54:22.265+0000] {manager.py:879} INFO - 
================================================================================
DAG File Processing Stats

File Path                 PID    Runtime      # DAGs    # Errors  Last Runtime    Last Run
------------------------  -----  ---------  --------  ----------  --------------  -------------------
/opt/airflow/dags/etl.py                           0           1  0.28s           2026-01-19T12:54:07
================================================================================
[2026-01-19T12:54:52.675+0000] {manager.py:879} INFO - 
================================================================================
DAG File Processing Stats

File Path                 PID    Runtime      # DAGs    # Errors  Last Runtime    Last Run
------------------------  -----  ---------  --------  ----------  --------------  -------------------
/opt/airflow/dags/etl.py                           0           1  0.35s           2026-01-19T12:54:37
================================================================================
[2026-01-19T12:55:23.121+0000] {manager.py:879} INFO - 
================================================================================
DAG File Processing Stats

File Path                 PID    Runtime      # DAGs    # Errors  Last Runtime    Last Run
------------------------  -----  ---------  --------  ----------  --------------  -------------------
/opt/airflow/dags/etl.py                           0           1  0.29s           2026-01-19T12:55:08
================================================================================
[2026-01-19T12:55:53.532+0000] {manager.py:879} INFO - 
================================================================================
DAG File Processing Stats

File Path                 PID    Runtime      # DAGs    # Errors  Last Runtime    Last Run
------------------------  -----  ---------  --------  ----------  --------------  -------------------
/opt/airflow/dags/etl.py                           0           1  0.33s           2026-01-19T12:55:38
================================================================================
[2026-01-19T12:56:23.962+0000] {manager.py:879} INFO - 
================================================================================
DAG File Processing Stats

File Path                 PID    Runtime      # DAGs    # Errors  Last Runtime    Last Run
------------------------  -----  ---------  --------  ----------  --------------  -------------------
/opt/airflow/dags/etl.py                           0           1  0.30s           2026-01-19T12:56:09
================================================================================
[2026-01-19T12:56:54.390+0000] {manager.py:879} INFO - 
================================================================================
DAG File Processing Stats

File Path                 PID    Runtime      # DAGs    # Errors  Last Runtime    Last Run
------------------------  -----  ---------  --------  ----------  --------------  -------------------
/opt/airflow/dags/etl.py                           0           1  0.31s           2026-01-19T12:56:39
================================================================================
[2026-01-19T12:57:24.829+0000] {manager.py:879} INFO - 
================================================================================
DAG File Processing Stats

File Path                 PID    Runtime      # DAGs    # Errors  Last Runtime    Last Run
------------------------  -----  ---------  --------  ----------  --------------  -------------------
/opt/airflow/dags/etl.py                           0           1  0.33s           2026-01-19T12:57:10
================================================================================
[2026-01-19T12:57:28.165+0000] {manager.py:738} INFO - Searching for files in /opt/airflow/dags
[2026-01-19T12:57:28.166+0000] {manager.py:741} INFO - There are 1 files in /opt/airflow/dags
[2026-01-19T12:57:55.344+0000] {manager.py:879} INFO - 
================================================================================
DAG File Processing Stats

File Path                 PID    Runtime      # DAGs    # Errors  Last Runtime    Last Run
------------------------  -----  ---------  --------  ----------  --------------  -------------------
/opt/airflow/dags/etl.py                           0           1  0.32s           2026-01-19T12:57:40
================================================================================
[2026-01-19T12:58:25.815+0000] {manager.py:879} INFO - 
================================================================================
DAG File Processing Stats

File Path                 PID    Runtime      # DAGs    # Errors  Last Runtime    Last Run
------------------------  -----  ---------  --------  ----------  --------------  -------------------
/opt/airflow/dags/etl.py                           0           1  0.31s           2026-01-19T12:58:11
================================================================================
[2026-01-19T12:58:56.248+0000] {manager.py:879} INFO - 
================================================================================
DAG File Processing Stats

File Path                 PID    Runtime      # DAGs    # Errors  Last Runtime    Last Run
------------------------  -----  ---------  --------  ----------  --------------  -------------------
/opt/airflow/dags/etl.py                           0           1  0.31s           2026-01-19T12:58:41
================================================================================
[2026-01-19T12:59:26.681+0000] {manager.py:879} INFO - 
================================================================================
DAG File Processing Stats

File Path                 PID    Runtime      # DAGs    # Errors  Last Runtime    Last Run
------------------------  -----  ---------  --------  ----------  --------------  -------------------
/opt/airflow/dags/etl.py                           0           1  0.32s           2026-01-19T12:59:11
================================================================================
[2026-01-19T12:59:57.118+0000] {manager.py:879} INFO - 
================================================================================
DAG File Processing Stats

File Path                 PID    Runtime      # DAGs    # Errors  Last Runtime    Last Run
------------------------  -----  ---------  --------  ----------  --------------  -------------------
/opt/airflow/dags/etl.py                           0           1  0.31s           2026-01-19T12:59:42
================================================================================
[2026-01-19T13:00:27.522+0000] {manager.py:879} INFO - 
================================================================================
DAG File Processing Stats

File Path                 PID    Runtime      # DAGs    # Errors  Last Runtime    Last Run
------------------------  -----  ---------  --------  ----------  --------------  -------------------
/opt/airflow/dags/etl.py                           0           1  0.32s           2026-01-19T13:00:12
================================================================================
[2026-01-19T13:00:57.951+0000] {manager.py:879} INFO - 
================================================================================
DAG File Processing Stats

File Path                 PID    Runtime      # DAGs    # Errors  Last Runtime    Last Run
------------------------  -----  ---------  --------  ----------  --------------  -------------------
/opt/airflow/dags/etl.py                           0           1  0.32s           2026-01-19T13:00:43
================================================================================
[2026-01-19T13:01:28.391+0000] {manager.py:879} INFO - 
================================================================================
DAG File Processing Stats

File Path                 PID    Runtime      # DAGs    # Errors  Last Runtime    Last Run
------------------------  -----  ---------  --------  ----------  --------------  -------------------
/opt/airflow/dags/etl.py                           0           1  0.34s           2026-01-19T13:01:13
================================================================================
[2026-01-19T13:01:58.856+0000] {manager.py:879} INFO - 
================================================================================
DAG File Processing Stats

File Path                 PID    Runtime      # DAGs    # Errors  Last Runtime    Last Run
------------------------  -----  ---------  --------  ----------  --------------  -------------------
/opt/airflow/dags/etl.py                           0           1  0.29s           2026-01-19T13:01:44
================================================================================
[2026-01-19T13:02:28.250+0000] {manager.py:738} INFO - Searching for files in /opt/airflow/dags
[2026-01-19T13:02:28.252+0000] {manager.py:741} INFO - There are 1 files in /opt/airflow/dags
[2026-01-19T13:02:29.258+0000] {manager.py:879} INFO - 
================================================================================
DAG File Processing Stats

File Path                 PID    Runtime      # DAGs    # Errors  Last Runtime    Last Run
------------------------  -----  ---------  --------  ----------  --------------  -------------------
/opt/airflow/dags/etl.py                           0           1  0.30s           2026-01-19T13:02:14
================================================================================
[2026-01-19T13:02:59.646+0000] {manager.py:879} INFO - 
================================================================================
DAG File Processing Stats

File Path                 PID    Runtime      # DAGs    # Errors  Last Runtime    Last Run
------------------------  -----  ---------  --------  ----------  --------------  -------------------
/opt/airflow/dags/etl.py                           0           1  0.30s           2026-01-19T13:02:44
================================================================================
[2026-01-19T13:03:30.037+0000] {manager.py:879} INFO - 
================================================================================
DAG File Processing Stats

File Path                 PID    Runtime      # DAGs    # Errors  Last Runtime    Last Run
------------------------  -----  ---------  --------  ----------  --------------  -------------------
/opt/airflow/dags/etl.py                           0           1  0.30s           2026-01-19T13:03:15
================================================================================
[2026-01-19T13:04:00.456+0000] {manager.py:879} INFO - 
================================================================================
DAG File Processing Stats

File Path                 PID    Runtime      # DAGs    # Errors  Last Runtime    Last Run
------------------------  -----  ---------  --------  ----------  --------------  -------------------
/opt/airflow/dags/etl.py                           0           1  0.31s           2026-01-19T13:03:45
================================================================================
[2026-01-19T13:04:30.897+0000] {manager.py:879} INFO - 
================================================================================
DAG File Processing Stats

File Path                 PID    Runtime      # DAGs    # Errors  Last Runtime    Last Run
------------------------  -----  ---------  --------  ----------  --------------  -------------------
/opt/airflow/dags/etl.py                           0           1  0.32s           2026-01-19T13:04:16
================================================================================
[2026-01-19T13:05:01.333+0000] {manager.py:879} INFO - 
================================================================================
DAG File Processing Stats

File Path                 PID    Runtime      # DAGs    # Errors  Last Runtime    Last Run
------------------------  -----  ---------  --------  ----------  --------------  -------------------
/opt/airflow/dags/etl.py                           0           1  0.31s           2026-01-19T13:04:46
================================================================================
[2026-01-19T13:05:31.774+0000] {manager.py:879} INFO - 
================================================================================
DAG File Processing Stats

File Path                 PID    Runtime      # DAGs    # Errors  Last Runtime    Last Run
------------------------  -----  ---------  --------  ----------  --------------  -------------------
/opt/airflow/dags/etl.py                           0           1  0.32s           2026-01-19T13:05:17
================================================================================
[2026-01-19T13:06:02.201+0000] {manager.py:879} INFO - 
================================================================================
DAG File Processing Stats

File Path                 PID    Runtime      # DAGs    # Errors  Last Runtime    Last Run
------------------------  -----  ---------  --------  ----------  --------------  -------------------
/opt/airflow/dags/etl.py                           0           1  0.35s           2026-01-19T13:05:47
================================================================================
[2026-01-19T13:06:32.663+0000] {manager.py:879} INFO - 
================================================================================
DAG File Processing Stats

File Path                 PID    Runtime      # DAGs    # Errors  Last Runtime    Last Run
------------------------  -----  ---------  --------  ----------  --------------  -------------------
/opt/airflow/dags/etl.py                           0           1  0.30s           2026-01-19T13:06:17
================================================================================
[2026-01-19T13:07:03.082+0000] {manager.py:879} INFO - 
================================================================================
DAG File Processing Stats

File Path                 PID    Runtime      # DAGs    # Errors  Last Runtime    Last Run
------------------------  -----  ---------  --------  ----------  --------------  -------------------
/opt/airflow/dags/etl.py                           0           1  0.35s           2026-01-19T13:06:48
================================================================================
[2026-01-19T13:07:28.508+0000] {manager.py:738} INFO - Searching for files in /opt/airflow/dags
[2026-01-19T13:07:28.511+0000] {manager.py:741} INFO - There are 1 files in /opt/airflow/dags
[2026-01-19T13:07:33.532+0000] {manager.py:879} INFO - 
================================================================================
DAG File Processing Stats

File Path                 PID    Runtime      # DAGs    # Errors  Last Runtime    Last Run
------------------------  -----  ---------  --------  ----------  --------------  -------------------
/opt/airflow/dags/etl.py                           0           1  0.34s           2026-01-19T13:07:18
================================================================================
[2026-01-19T13:08:03.956+0000] {manager.py:879} INFO - 
================================================================================
DAG File Processing Stats

File Path                 PID    Runtime      # DAGs    # Errors  Last Runtime    Last Run
------------------------  -----  ---------  --------  ----------  --------------  -------------------
/opt/airflow/dags/etl.py                           0           1  0.33s           2026-01-19T13:07:49
================================================================================
[2026-01-19T13:08:34.394+0000] {manager.py:879} INFO - 
================================================================================
DAG File Processing Stats

File Path                 PID    Runtime      # DAGs    # Errors  Last Runtime    Last Run
------------------------  -----  ---------  --------  ----------  --------------  -------------------
/opt/airflow/dags/etl.py                           0           1  0.32s           2026-01-19T13:08:19
================================================================================
[2026-01-19T13:09:04.817+0000] {manager.py:879} INFO - 
================================================================================
DAG File Processing Stats

File Path                 PID    Runtime      # DAGs    # Errors  Last Runtime    Last Run
------------------------  -----  ---------  --------  ----------  --------------  -------------------
/opt/airflow/dags/etl.py                           0           1  0.32s           2026-01-19T13:08:50
================================================================================
[2026-01-19T13:09:35.248+0000] {manager.py:879} INFO - 
================================================================================
DAG File Processing Stats

File Path                 PID    Runtime      # DAGs    # Errors  Last Runtime    Last Run
------------------------  -----  ---------  --------  ----------  --------------  -------------------
/opt/airflow/dags/etl.py                           0           1  0.32s           2026-01-19T13:09:20
================================================================================
[2026-01-19T13:11:33.903+0000] {manager.py:879} INFO - 
================================================================================
DAG File Processing Stats

File Path                 PID    Runtime      # DAGs    # Errors  Last Runtime    Last Run
------------------------  -----  ---------  --------  ----------  --------------  -------------------
/opt/airflow/dags/etl.py                           0           1  0.30s           2026-01-19T13:11:25
================================================================================
[2026-01-19T13:12:04.012+0000] {manager.py:879} INFO - 
================================================================================
DAG File Processing Stats

File Path                 PID    Runtime      # DAGs    # Errors  Last Runtime    Last Run
------------------------  -----  ---------  --------  ----------  --------------  -------------------
/opt/airflow/dags/etl.py                           0           1  0.34s           2026-01-19T13:11:56
================================================================================
[2026-01-19T13:12:28.730+0000] {manager.py:738} INFO - Searching for files in /opt/airflow/dags
[2026-01-19T13:12:28.731+0000] {manager.py:741} INFO - There are 1 files in /opt/airflow/dags
[2026-01-19T13:12:34.468+0000] {manager.py:879} INFO - 
================================================================================
DAG File Processing Stats

File Path                 PID    Runtime      # DAGs    # Errors  Last Runtime    Last Run
------------------------  -----  ---------  --------  ----------  --------------  -------------------
/opt/airflow/dags/etl.py                           0           1  0.29s           2026-01-19T13:12:26
================================================================================
[2026-01-19T13:13:04.873+0000] {manager.py:879} INFO - 
================================================================================
DAG File Processing Stats

File Path                 PID    Runtime      # DAGs    # Errors  Last Runtime    Last Run
------------------------  -----  ---------  --------  ----------  --------------  -------------------
/opt/airflow/dags/etl.py                           0           1  0.30s           2026-01-19T13:12:57
================================================================================
[2026-01-19T13:24:37.564+0000] {manager.py:738} INFO - Searching for files in /opt/airflow/dags
[2026-01-19T13:24:37.568+0000] {manager.py:741} INFO - There are 1 files in /opt/airflow/dags
[2026-01-19T13:24:47.645+0000] {manager.py:879} INFO - 
================================================================================
DAG File Processing Stats

File Path                 PID    Runtime      # DAGs    # Errors  Last Runtime    Last Run
------------------------  -----  ---------  --------  ----------  --------------  -------------------
/opt/airflow/dags/etl.py                           0           1  0.52s           2026-01-19T13:24:38
================================================================================
[2026-01-19T13:25:17.730+0000] {manager.py:879} INFO - 
================================================================================
DAG File Processing Stats

File Path                 PID    Runtime      # DAGs    # Errors  Last Runtime    Last Run
------------------------  -----  ---------  --------  ----------  --------------  -------------------
/opt/airflow/dags/etl.py                           0           1  0.43s           2026-01-19T13:25:08
================================================================================
[2026-01-19T13:25:47.907+0000] {manager.py:879} INFO - 
================================================================================
DAG File Processing Stats

File Path                 PID    Runtime      # DAGs    # Errors  Last Runtime    Last Run
------------------------  -----  ---------  --------  ----------  --------------  -------------------
/opt/airflow/dags/etl.py                           0           1  0.43s           2026-01-19T13:25:39
================================================================================
[2026-01-19T13:26:17.916+0000] {manager.py:879} INFO - 
================================================================================
DAG File Processing Stats

File Path                 PID    Runtime      # DAGs    # Errors  Last Runtime    Last Run
------------------------  -----  ---------  --------  ----------  --------------  -------------------
/opt/airflow/dags/etl.py                           0           1  0.41s           2026-01-19T13:26:09
================================================================================
[2026-01-19T13:26:48.086+0000] {manager.py:879} INFO - 
================================================================================
DAG File Processing Stats

File Path                 PID    Runtime      # DAGs    # Errors  Last Runtime    Last Run
------------------------  -----  ---------  --------  ----------  --------------  -------------------
/opt/airflow/dags/etl.py                           0           1  0.44s           2026-01-19T13:26:40
================================================================================
[2026-01-19T13:27:18.100+0000] {manager.py:879} INFO - 
================================================================================
DAG File Processing Stats

File Path                 PID    Runtime      # DAGs    # Errors  Last Runtime    Last Run
------------------------  -----  ---------  --------  ----------  --------------  -------------------
/opt/airflow/dags/etl.py                           0           1  0.43s           2026-01-19T13:27:11
================================================================================
[2026-01-19T13:27:48.265+0000] {manager.py:879} INFO - 
================================================================================
DAG File Processing Stats

File Path                 PID    Runtime      # DAGs    # Errors  Last Runtime    Last Run
------------------------  -----  ---------  --------  ----------  --------------  -------------------
/opt/airflow/dags/etl.py                           0           1  0.44s           2026-01-19T13:27:41
================================================================================
[2026-01-19T13:28:18.385+0000] {manager.py:879} INFO - 
================================================================================
DAG File Processing Stats

File Path                 PID    Runtime      # DAGs    # Errors  Last Runtime    Last Run
------------------------  -----  ---------  --------  ----------  --------------  -------------------
/opt/airflow/dags/etl.py                           0           1  0.53s           2026-01-19T13:28:12
================================================================================
[2026-01-19T13:28:49.008+0000] {manager.py:879} INFO - 
================================================================================
DAG File Processing Stats

File Path                 PID    Runtime      # DAGs    # Errors  Last Runtime    Last Run
------------------------  -----  ---------  --------  ----------  --------------  -------------------
/opt/airflow/dags/etl.py                           0           1  0.49s           2026-01-19T13:28:43
================================================================================
[2026-01-19T13:29:19.203+0000] {manager.py:879} INFO - 
================================================================================
DAG File Processing Stats

File Path                 PID    Runtime      # DAGs    # Errors  Last Runtime    Last Run
------------------------  -----  ---------  --------  ----------  --------------  -------------------
/opt/airflow/dags/etl.py                           0           1  0.46s           2026-01-19T13:29:13
================================================================================
[2026-01-19T13:29:37.721+0000] {manager.py:738} INFO - Searching for files in /opt/airflow/dags
[2026-01-19T13:29:37.723+0000] {manager.py:741} INFO - There are 1 files in /opt/airflow/dags
[2026-01-19T13:29:49.352+0000] {manager.py:879} INFO - 
================================================================================
DAG File Processing Stats

File Path                 PID    Runtime      # DAGs    # Errors  Last Runtime    Last Run
------------------------  -----  ---------  --------  ----------  --------------  -------------------
/opt/airflow/dags/etl.py                           0           1  0.65s           2026-01-19T13:29:44
================================================================================
[2026-01-19T13:30:19.593+0000] {manager.py:879} INFO - 
================================================================================
DAG File Processing Stats

File Path                 PID    Runtime      # DAGs    # Errors  Last Runtime    Last Run
------------------------  -----  ---------  --------  ----------  --------------  -------------------
/opt/airflow/dags/etl.py                           0           1  0.59s           2026-01-19T13:30:15
================================================================================
[2026-01-19T13:30:49.745+0000] {manager.py:879} INFO - 
================================================================================
DAG File Processing Stats

File Path                 PID    Runtime      # DAGs    # Errors  Last Runtime    Last Run
------------------------  -----  ---------  --------  ----------  --------------  -------------------
/opt/airflow/dags/etl.py                           0           1  0.58s           2026-01-19T13:30:45
================================================================================
[2026-01-19T13:31:19.977+0000] {manager.py:879} INFO - 
================================================================================
DAG File Processing Stats

File Path                 PID    Runtime      # DAGs    # Errors  Last Runtime    Last Run
------------------------  -----  ---------  --------  ----------  --------------  -------------------
/opt/airflow/dags/etl.py                           0           1  0.60s           2026-01-19T13:31:16
================================================================================
[2026-01-19T13:31:50.129+0000] {manager.py:879} INFO - 
================================================================================
DAG File Processing Stats

File Path                 PID    Runtime      # DAGs    # Errors  Last Runtime    Last Run
------------------------  -----  ---------  --------  ----------  --------------  -------------------
/opt/airflow/dags/etl.py                           0           1  0.50s           2026-01-19T13:31:47
================================================================================
[2026-01-19T13:32:20.303+0000] {manager.py:879} INFO - 
================================================================================
DAG File Processing Stats

File Path                 PID    Runtime      # DAGs    # Errors  Last Runtime    Last Run
------------------------  -----  ---------  --------  ----------  --------------  -------------------
/opt/airflow/dags/etl.py                           0           1  0.49s           2026-01-19T13:32:17
================================================================================
[2026-01-19T13:32:50.448+0000] {manager.py:879} INFO - 
================================================================================
DAG File Processing Stats

File Path                 PID    Runtime      # DAGs    # Errors  Last Runtime    Last Run
------------------------  -----  ---------  --------  ----------  --------------  -------------------
/opt/airflow/dags/etl.py                           0           1  0.63s           2026-01-19T13:32:48
================================================================================
[2026-01-19T13:33:20.679+0000] {manager.py:879} INFO - 
================================================================================
DAG File Processing Stats

File Path                 PID    Runtime      # DAGs    # Errors  Last Runtime    Last Run
------------------------  -----  ---------  --------  ----------  --------------  -------------------
/opt/airflow/dags/etl.py                           0           1  0.58s           2026-01-19T13:33:19
================================================================================
[2026-01-19T13:33:50.829+0000] {manager.py:879} INFO - 
================================================================================
DAG File Processing Stats

File Path                 PID    Runtime      # DAGs    # Errors  Last Runtime    Last Run
------------------------  -----  ---------  --------  ----------  --------------  -------------------
/opt/airflow/dags/etl.py                           0           1  0.56s           2026-01-19T13:33:49
================================================================================
[2026-01-19T13:34:21.018+0000] {manager.py:879} INFO - 
================================================================================
DAG File Processing Stats

File Path                 PID    Runtime      # DAGs    # Errors  Last Runtime    Last Run
------------------------  -----  ---------  --------  ----------  --------------  -------------------
/opt/airflow/dags/etl.py                           0           1  0.50s           2026-01-19T13:34:20
================================================================================
[2026-01-19T13:34:38.106+0000] {manager.py:738} INFO - Searching for files in /opt/airflow/dags
[2026-01-19T13:34:38.109+0000] {manager.py:741} INFO - There are 1 files in /opt/airflow/dags
[2026-01-19T13:34:51.092+0000] {manager.py:879} INFO - 
================================================================================
DAG File Processing Stats

File Path                 PID    Runtime      # DAGs    # Errors  Last Runtime    Last Run
------------------------  -----  ---------  --------  ----------  --------------  -------------------
/opt/airflow/dags/etl.py                           0           1  0.45s           2026-01-19T13:34:51
================================================================================
[2026-01-19T13:35:21.254+0000] {manager.py:879} INFO - 
================================================================================
DAG File Processing Stats

File Path                   PID  Runtime      # DAGs    # Errors  Last Runtime    Last Run
------------------------  -----  ---------  --------  ----------  --------------  -------------------
/opt/airflow/dags/etl.py    763  0.01s             0           1  0.45s           2026-01-19T13:34:51
================================================================================
[2026-01-19T13:35:51.955+0000] {manager.py:879} INFO - 
================================================================================
DAG File Processing Stats

File Path                   PID  Runtime      # DAGs    # Errors  Last Runtime    Last Run
------------------------  -----  ---------  --------  ----------  --------------  -------------------
/opt/airflow/dags/etl.py    769  0.01s             0           1  0.59s           2026-01-19T13:35:21
================================================================================
[2026-01-19T13:36:22.112+0000] {manager.py:879} INFO - 
================================================================================
DAG File Processing Stats

File Path                 PID    Runtime      # DAGs    # Errors  Last Runtime    Last Run
------------------------  -----  ---------  --------  ----------  --------------  -------------------
/opt/airflow/dags/etl.py                           0           1  0.77s           2026-01-19T13:35:52
================================================================================
[2026-01-19T13:36:52.264+0000] {manager.py:879} INFO - 
================================================================================
DAG File Processing Stats

File Path                 PID    Runtime      # DAGs    # Errors  Last Runtime    Last Run
------------------------  -----  ---------  --------  ----------  --------------  -------------------
/opt/airflow/dags/etl.py                           0           1  0.61s           2026-01-19T13:36:23
================================================================================
[2026-01-19T13:37:22.341+0000] {manager.py:879} INFO - 
================================================================================
DAG File Processing Stats

File Path                 PID    Runtime      # DAGs    # Errors  Last Runtime    Last Run
------------------------  -----  ---------  --------  ----------  --------------  -------------------
/opt/airflow/dags/etl.py                           0           1  0.57s           2026-01-19T13:36:54
================================================================================
[2026-01-19T13:37:52.947+0000] {manager.py:879} INFO - 
================================================================================
DAG File Processing Stats

File Path                 PID    Runtime      # DAGs    # Errors  Last Runtime    Last Run
------------------------  -----  ---------  --------  ----------  --------------  -------------------
/opt/airflow/dags/etl.py                           0           1  0.46s           2026-01-19T13:37:24
================================================================================
[2026-01-19T13:38:23.126+0000] {manager.py:879} INFO - 
================================================================================
DAG File Processing Stats

File Path                 PID    Runtime      # DAGs    # Errors  Last Runtime    Last Run
------------------------  -----  ---------  --------  ----------  --------------  -------------------
/opt/airflow/dags/etl.py                           0           1  0.45s           2026-01-19T13:37:55
================================================================================
[2026-01-19T13:38:53.214+0000] {manager.py:879} INFO - 
================================================================================
DAG File Processing Stats

File Path                 PID    Runtime      # DAGs    # Errors  Last Runtime    Last Run
------------------------  -----  ---------  --------  ----------  --------------  -------------------
/opt/airflow/dags/etl.py                           0           1  0.50s           2026-01-19T13:38:26
================================================================================
[2026-01-19T13:39:23.374+0000] {manager.py:879} INFO - 
================================================================================
DAG File Processing Stats

File Path                 PID    Runtime      # DAGs    # Errors  Last Runtime    Last Run
------------------------  -----  ---------  --------  ----------  --------------  -------------------
/opt/airflow/dags/etl.py                           0           1  0.48s           2026-01-19T13:38:56
================================================================================
[2026-01-19T13:39:38.405+0000] {manager.py:738} INFO - Searching for files in /opt/airflow/dags
[2026-01-19T13:39:38.409+0000] {manager.py:741} INFO - There are 1 files in /opt/airflow/dags
[2026-01-19T13:39:53.505+0000] {manager.py:879} INFO - 
================================================================================
DAG File Processing Stats

File Path                 PID    Runtime      # DAGs    # Errors  Last Runtime    Last Run
------------------------  -----  ---------  --------  ----------  --------------  -------------------
/opt/airflow/dags/etl.py                           0           1  0.47s           2026-01-19T13:39:27
================================================================================
[2026-01-19T13:40:23.664+0000] {manager.py:879} INFO - 
================================================================================
DAG File Processing Stats

File Path                 PID    Runtime      # DAGs    # Errors  Last Runtime    Last Run
------------------------  -----  ---------  --------  ----------  --------------  -------------------
/opt/airflow/dags/etl.py                           0           1  0.50s           2026-01-19T13:39:58
================================================================================
[2026-01-19T13:40:53.832+0000] {manager.py:879} INFO - 
================================================================================
DAG File Processing Stats

File Path                 PID    Runtime      # DAGs    # Errors  Last Runtime    Last Run
------------------------  -----  ---------  --------  ----------  --------------  -------------------
/opt/airflow/dags/etl.py                           0           1  0.54s           2026-01-19T13:40:28
================================================================================
